<?xml version="1.0" encoding="UTF-8"?>
<!-- Generated by org.testng.reporters.JUnitXMLReporter -->
<testsuite ignored="0" hostname="LAPTOP-J01TQCUN" failures="1" tests="1" name="Test" time="12.457" errors="0" timestamp="29 Jul 2021 08:16:22 GMT">
  <testcase classname="com.facebook.testCases.TC_FacebookLoginPage_001" name="verifyFacbookLoginPageFunctionality" time="5.75">
    <failure type="java.lang.AssertionError" message="expected [true] but found [false]">
      <![CDATA[java.lang.AssertionError: expected [true] but found [false]
at com.facebook.testCases.TC_FacebookLoginPage_001.verifyFacbookLoginPageFunctionality(TC_FacebookLoginPage_001.java:36)
... Removed 29 stack frames]]>
    </failure>
  </testcase> <!-- verifyFacbookLoginPageFunctionality -->
</testsuite> <!-- Test -->
